# JRE version: OpenJDK Runtime Environment (11.0.12+7) (build 11.0.12+7-b1504.28-7817840)
# Java VM: OpenJDK 64-Bit Server VM (11.0.12+7-b1504.28-7817840, mixed mode, tiered, compressed oops, g1 gc, windows-amd64)
Heap:
 garbage-first heap   total 315392K, used 197021K [0x0000000080000000, 0x0000000100000000)
  region size 1024K, 114 young (116736K), 9 survivors (9216K)
 Metaspace       used 114126K, capacity 117194K, committed 117340K, reserved 1150976K
  class space    used 14815K, capacity 15926K, committed 15948K, reserved 1048576K
GC Heap History (20 events):
Event: 3.245 GC heap before
{Heap before GC invocations=6 (full 0):
 garbage-first heap   total 262144K, used 79235K [0x0000000080000000, 0x0000000100000000)
  region size 1024K, 64 young (65536K), 4 survivors (4096K)
 Metaspace       used 27062K, capacity 27705K, committed 27824K, reserved 1073152K
  class space    used 3531K, capacity 3737K, committed 3840K, reserved 1048576K
}
Event: 3.250 GC heap after
{Heap after GC invocations=7 (full 0):
 garbage-first heap   total 262144K, used 19994K [0x0000000080000000, 0x0000000100000000)
  region size 1024K, 6 young (6144K), 6 survivors (6144K)
 Metaspace       used 27062K, capacity 27705K, committed 27824K, reserved 1073152K
  class space    used 3531K, capacity 3737K, committed 3840K, reserved 1048576K
}
Event: 3.827 GC heap before
{Heap before GC invocations=7 (full 0):
 garbage-first heap   total 262144K, used 71194K [0x0000000080000000, 0x0000000100000000)
  region size 1024K, 57 young (58368K), 6 survivors (6144K)
 Metaspace       used 34888K, capacity 35663K, committed 35708K, reserved 1081344K
  class space    used 4529K, capacity 4839K, committed 4864K, reserved 1048576K
}
Event: 3.836 GC heap after
{Heap after GC invocations=8 (full 0):
 garbage-first heap   total 262144K, used 22770K [0x0000000080000000, 0x0000000100000000)
  region size 1024K, 9 young (9216K), 9 survivors (9216K)
 Metaspace       used 34888K, capacity 35663K, committed 35708K, reserved 1081344K
  class space    used 4529K, capacity 4839K, committed 4864K, reserved 1048576K
}
Event: 4.941 GC heap before
{Heap before GC invocations=9 (full 0):
 garbage-first heap   total 262144K, used 130290K [0x0000000080000000, 0x0000000100000000)
  region size 1024K, 111 young (113664K), 9 survivors (9216K)
 Metaspace       used 44264K, capacity 45354K, committed 45640K, reserved 1089536K
  class space    used 5666K, capacity 6032K, committed 6092K, reserved 1048576K
}
Event: 4.953 GC heap after
{Heap after GC invocations=10 (full 0):
 garbage-first heap   total 262144K, used 29630K [0x0000000080000000, 0x0000000100000000)
  region size 1024K, 13 young (13312K), 13 survivors (13312K)
 Metaspace       used 44264K, capacity 45354K, committed 45640K, reserved 1089536K
  class space    used 5666K, capacity 6032K, committed 6092K, reserved 1048576K
}
Event: 6.176 GC heap before
{Heap before GC invocations=10 (full 0):
 garbage-first heap   total 262144K, used 164798K [0x0000000080000000, 0x0000000100000000)
  region size 1024K, 139 young (142336K), 13 survivors (13312K)
 Metaspace       used 52240K, capacity 53730K, committed 53960K, reserved 1095680K
  class space    used 6669K, capacity 7143K, committed 7244K, reserved 1048576K
}
Event: 6.191 GC heap after
{Heap after GC invocations=11 (full 0):
 garbage-first heap   total 262144K, used 47843K [0x0000000080000000, 0x0000000100000000)
  region size 1024K, 18 young (18432K), 18 survivors (18432K)
 Metaspace       used 52240K, capacity 53730K, committed 53960K, reserved 1095680K
  class space    used 6669K, capacity 7143K, committed 7244K, reserved 1048576K
}
Event: 6.657 GC heap before
{Heap before GC invocations=11 (full 0):
 garbage-first heap   total 262144K, used 89827K [0x0000000080000000, 0x0000000100000000)
  region size 1024K, 60 young (61440K), 18 survivors (18432K)
 Metaspace       used 58465K, capacity 59928K, committed 59976K, reserved 1101824K
  class space    used 7372K, capacity 7862K, committed 7884K, reserved 1048576K
}
Event: 6.673 GC heap after
{Heap after GC invocations=12 (full 0):
 garbage-first heap   total 262144K, used 49664K [0x0000000080000000, 0x0000000100000000)
  region size 1024K, 3 young (3072K), 3 survivors (3072K)
 Metaspace       used 58465K, capacity 59928K, committed 59976K, reserved 1101824K
  class space    used 7372K, capacity 7862K, committed 7884K, reserved 1048576K
}
Event: 7.837 GC heap before
{Heap before GC invocations=13 (full 0):
 garbage-first heap   total 262144K, used 164352K [0x0000000080000000, 0x0000000100000000)
  region size 1024K, 115 young (117760K), 3 survivors (3072K)
 Metaspace       used 68061K, capacity 69718K, committed 69832K, reserved 1110016K
  class space    used 8612K, capacity 9235K, committed 9292K, reserved 1048576K
}
Event: 7.850 GC heap after
{Heap after GC invocations=14 (full 0):
 garbage-first heap   total 262144K, used 57269K [0x0000000080000000, 0x0000000100000000)
  region size 1024K, 10 young (10240K), 10 survivors (10240K)
 Metaspace       used 68061K, capacity 69718K, committed 69832K, reserved 1110016K
  class space    used 8612K, capacity 9235K, committed 9292K, reserved 1048576K
}
Event: 9.149 GC heap before
{Heap before GC invocations=14 (full 0):
 garbage-first heap   total 262144K, used 174005K [0x0000000080000000, 0x0000000100000000)
  region size 1024K, 124 young (126976K), 10 survivors (10240K)
 Metaspace       used 79744K, capacity 81496K, committed 81864K, reserved 1120256K
  class space    used 10331K, capacity 10961K, committed 11084K, reserved 1048576K
}
Event: 9.163 GC heap after
{Heap after GC invocations=15 (full 0):
 garbage-first heap   total 262144K, used 63601K [0x0000000080000000, 0x0000000100000000)
  region size 1024K, 15 young (15360K), 15 survivors (15360K)
 Metaspace       used 79744K, capacity 81496K, committed 81864K, reserved 1120256K
  class space    used 10331K, capacity 10961K, committed 11084K, reserved 1048576K
}
Event: 10.954 GC heap before
{Heap before GC invocations=15 (full 0):
 garbage-first heap   total 262144K, used 181361K [0x0000000080000000, 0x0000000100000000)
  region size 1024K, 131 young (134144K), 15 survivors (15360K)
 Metaspace       used 87506K, capacity 89762K, committed 89800K, reserved 1126400K
  class space    used 11282K, capacity 12093K, committed 12108K, reserved 1048576K
}
Event: 10.978 GC heap after
{Heap after GC invocations=16 (full 0):
 garbage-first heap   total 262144K, used 74445K [0x0000000080000000, 0x0000000100000000)
  region size 1024K, 17 young (17408K), 17 survivors (17408K)
 Metaspace       used 87506K, capacity 89762K, committed 89800K, reserved 1126400K
  class space    used 11282K, capacity 12093K, committed 12108K, reserved 1048576K
}
Event: 12.316 GC heap before
{Heap before GC invocations=16 (full 0):
 garbage-first heap   total 262144K, used 189133K [0x0000000080000000, 0x0000000100000000)
  region size 1024K, 130 young (133120K), 17 survivors (17408K)
 Metaspace       used 95702K, capacity 98047K, committed 98120K, reserved 1134592K
  class space    used 12364K, capacity 13233K, committed 13260K, reserved 1048576K
}
Event: 12.344 GC heap after
{Heap after GC invocations=17 (full 0):
 garbage-first heap   total 315392K, used 80896K [0x0000000080000000, 0x0000000100000000)
  region size 1024K, 7 young (7168K), 7 survivors (7168K)
 Metaspace       used 95702K, capacity 98047K, committed 98120K, reserved 1134592K
  class space    used 12364K, capacity 13233K, committed 13260K, reserved 1048576K
}
Event: 14.133 GC heap before
{Heap before GC invocations=17 (full 0):
 garbage-first heap   total 315392K, used 125952K [0x0000000080000000, 0x0000000100000000)
  region size 1024K, 52 young (53248K), 7 survivors (7168K)
 Metaspace       used 97977K, capacity 100395K, committed 100552K, reserved 1136640K
  class space    used 12665K, capacity 13524K, committed 13644K, reserved 1048576K
}
Event: 14.145 GC heap after
{Heap after GC invocations=18 (full 0):
 garbage-first heap   total 315392K, used 82333K [0x0000000080000000, 0x0000000100000000)
  region size 1024K, 9 young (9216K), 9 survivors (9216K)
 Metaspace       used 97977K, capacity 100395K, committed 100552K, reserved 1136640K
  class space    used 12665K, capacity 13524K, committed 13644K, reserved 1048576K
}

