# JRE version: OpenJDK Runtime Environment (11.0.12+7) (build 11.0.12+7-b1504.28-7817840)
# Java VM: OpenJDK 64-Bit Server VM (11.0.12+7-b1504.28-7817840, mixed mode, tiered, compressed oops, g1 gc, windows-amd64)
Heap:
 garbage-first heap   total 262144K, used 59392K [0x0000000701a00000, 0x0000000800000000)
  region size 1024K, 42 young (43008K), 2 survivors (2048K)
 Metaspace       used 43691K, capacity 44134K, committed 44412K, reserved 1087488K
  class space    used 5275K, capacity 5430K, committed 5500K, reserved 1048576K
GC Heap History (8 events):
Event: 0.397 GC heap before
{Heap before GC invocations=0 (full 0):
 garbage-first heap   total 262144K, used 17408K [0x0000000701a00000, 0x0000000800000000)
  region size 1024K, 14 young (14336K), 0 survivors (0K)
 Metaspace       used 10016K, capacity 10120K, committed 10240K, reserved 1058816K
  class space    used 897K, capacity 926K, committed 1024K, reserved 1048576K
}
Event: 0.399 GC heap after
{Heap after GC invocations=1 (full 0):
 garbage-first heap   total 262144K, used 5269K [0x0000000701a00000, 0x0000000800000000)
  region size 1024K, 2 young (2048K), 2 survivors (2048K)
 Metaspace       used 10016K, capacity 10120K, committed 10240K, reserved 1058816K
  class space    used 897K, capacity 926K, committed 1024K, reserved 1048576K
}
Event: 1.181 GC heap before
{Heap before GC invocations=1 (full 0):
 garbage-first heap   total 262144K, used 48277K [0x0000000701a00000, 0x0000000800000000)
  region size 1024K, 45 young (46080K), 2 survivors (2048K)
 Metaspace       used 20915K, capacity 21182K, committed 21296K, reserved 1069056K
  class space    used 2233K, capacity 2313K, committed 2352K, reserved 1048576K
}
Event: 1.189 GC heap after
{Heap after GC invocations=2 (full 0):
 garbage-first heap   total 262144K, used 9329K [0x0000000701a00000, 0x0000000800000000)
  region size 1024K, 6 young (6144K), 6 survivors (6144K)
 Metaspace       used 20915K, capacity 21182K, committed 21296K, reserved 1069056K
  class space    used 2233K, capacity 2313K, committed 2352K, reserved 1048576K
}
Event: 2.128 GC heap before
{Heap before GC invocations=3 (full 0):
 garbage-first heap   total 262144K, used 56433K [0x0000000701a00000, 0x0000000800000000)
  region size 1024K, 50 young (51200K), 6 survivors (6144K)
 Metaspace       used 31014K, capacity 31423K, committed 31664K, reserved 1077248K
  class space    used 3475K, capacity 3628K, committed 3760K, reserved 1048576K
}
Event: 2.139 GC heap after
{Heap after GC invocations=4 (full 0):
 garbage-first heap   total 262144K, used 17400K [0x0000000701a00000, 0x0000000800000000)
  region size 1024K, 6 young (6144K), 6 survivors (6144K)
 Metaspace       used 31014K, capacity 31423K, committed 31664K, reserved 1077248K
  class space    used 3475K, capacity 3628K, committed 3760K, reserved 1048576K
}
Event: 2.348 GC heap before
{Heap before GC invocations=4 (full 0):
 garbage-first heap   total 262144K, used 34808K [0x0000000701a00000, 0x0000000800000000)
  region size 1024K, 24 young (24576K), 6 survivors (6144K)
 Metaspace       used 35150K, capacity 35525K, committed 35708K, reserved 1081344K
  class space    used 4220K, capacity 4397K, committed 4476K, reserved 1048576K
}
Event: 2.361 GC heap after
{Heap after GC invocations=5 (full 0):
 garbage-first heap   total 262144K, used 19456K [0x0000000701a00000, 0x0000000800000000)
  region size 1024K, 2 young (2048K), 2 survivors (2048K)
 Metaspace       used 35150K, capacity 35525K, committed 35708K, reserved 1081344K
  class space    used 4220K, capacity 4397K, committed 4476K, reserved 1048576K
}

