# JRE version: OpenJDK Runtime Environment (11.0.12+7) (build 11.0.12+7-b1504.28-7817840)
# Java VM: OpenJDK 64-Bit Server VM (11.0.12+7-b1504.28-7817840, mixed mode, tiered, compressed oops, g1 gc, windows-amd64)
Heap:
 garbage-first heap   total 262144K, used 105681K [0x0000000080000000, 0x0000000100000000)
  region size 1024K, 10 young (10240K), 10 survivors (10240K)
 Metaspace       used 97180K, capacity 99407K, committed 99452K, reserved 1144832K
  class space    used 12035K, capacity 12789K, committed 12800K, reserved 1048576K
GC Heap History (20 events):
Event: 42.423 GC heap before
{Heap before GC invocations=27 (full 0):
 garbage-first heap   total 262144K, used 176236K [0x0000000080000000, 0x0000000100000000)
  region size 1024K, 112 young (114688K), 5 survivors (5120K)
 Metaspace       used 56546K, capacity 57675K, committed 57904K, reserved 1099776K
  class space    used 6820K, capacity 7196K, committed 7296K, reserved 1048576K
}
Event: 42.424 GC heap after
{Heap after GC invocations=28 (full 0):
 garbage-first heap   total 262144K, used 62652K [0x0000000080000000, 0x0000000100000000)
  region size 1024K, 1 young (1024K), 1 survivors (1024K)
 Metaspace       used 56546K, capacity 57675K, committed 57904K, reserved 1099776K
  class space    used 6820K, capacity 7196K, committed 7296K, reserved 1048576K
}
Event: 44.066 GC heap before
{Heap before GC invocations=28 (full 0):
 garbage-first heap   total 262144K, used 192700K [0x0000000080000000, 0x0000000100000000)
  region size 1024K, 120 young (122880K), 1 survivors (1024K)
 Metaspace       used 68838K, capacity 70424K, committed 70448K, reserved 1112064K
  class space    used 8331K, capacity 8826K, committed 8832K, reserved 1048576K
}
Event: 44.077 GC heap after
{Heap after GC invocations=29 (full 0):
 garbage-first heap   total 262144K, used 81825K [0x0000000080000000, 0x0000000100000000)
  region size 1024K, 12 young (12288K), 12 survivors (12288K)
 Metaspace       used 68838K, capacity 70424K, committed 70448K, reserved 1112064K
  class space    used 8331K, capacity 8826K, committed 8832K, reserved 1048576K
}
Event: 45.376 GC heap before
{Heap before GC invocations=29 (full 0):
 garbage-first heap   total 262144K, used 192417K [0x0000000080000000, 0x0000000100000000)
  region size 1024K, 120 young (122880K), 12 survivors (12288K)
 Metaspace       used 79585K, capacity 81357K, committed 81584K, reserved 1120256K
  class space    used 9905K, capacity 10481K, committed 10496K, reserved 1048576K
}
Event: 45.402 GC heap after
{Heap after GC invocations=30 (full 0):
 garbage-first heap   total 262144K, used 90093K [0x0000000080000000, 0x0000000100000000)
  region size 1024K, 8 young (8192K), 8 survivors (8192K)
 Metaspace       used 79585K, capacity 81357K, committed 81584K, reserved 1120256K
  class space    used 9905K, capacity 10481K, committed 10496K, reserved 1048576K
}
Event: 48.612 GC heap before
{Heap before GC invocations=30 (full 0):
 garbage-first heap   total 262144K, used 205805K [0x0000000080000000, 0x0000000100000000)
  region size 1024K, 115 young (117760K), 8 survivors (8192K)
 Metaspace       used 83541K, capacity 85477K, committed 85552K, reserved 1124352K
  class space    used 10439K, capacity 11085K, committed 11136K, reserved 1048576K
}
Event: 48.623 GC heap after
{Heap after GC invocations=31 (full 0):
 garbage-first heap   total 262144K, used 100148K [0x0000000080000000, 0x0000000100000000)
  region size 1024K, 15 young (15360K), 15 survivors (15360K)
 Metaspace       used 83541K, capacity 85477K, committed 85552K, reserved 1124352K
  class space    used 10439K, capacity 11085K, committed 11136K, reserved 1048576K
}
Event: 49.360 GC heap before
{Heap before GC invocations=31 (full 0):
 garbage-first heap   total 262144K, used 201524K [0x0000000080000000, 0x0000000100000000)
  region size 1024K, 115 young (117760K), 15 survivors (15360K)
 Metaspace       used 84773K, capacity 86844K, committed 86960K, reserved 1124352K
  class space    used 10558K, capacity 11241K, committed 11264K, reserved 1048576K
}
Event: 49.379 GC heap after
{Heap after GC invocations=32 (full 0):
 garbage-first heap   total 262144K, used 104448K [0x0000000080000000, 0x0000000100000000)
  region size 1024K, 4 young (4096K), 4 survivors (4096K)
 Metaspace       used 84773K, capacity 86844K, committed 86960K, reserved 1124352K
  class space    used 10558K, capacity 11241K, committed 11264K, reserved 1048576K
}
Event: 50.198 GC heap before
{Heap before GC invocations=32 (full 0):
 garbage-first heap   total 262144K, used 207872K [0x0000000080000000, 0x0000000100000000)
  region size 1024K, 105 young (107520K), 4 survivors (4096K)
 Metaspace       used 85412K, capacity 87412K, committed 87600K, reserved 1126400K
  class space    used 10617K, capacity 11281K, committed 11392K, reserved 1048576K
}
Event: 50.200 GC heap after
{Heap after GC invocations=33 (full 0):
 garbage-first heap   total 262144K, used 104698K [0x0000000080000000, 0x0000000100000000)
  region size 1024K, 5 young (5120K), 5 survivors (5120K)
 Metaspace       used 85412K, capacity 87412K, committed 87600K, reserved 1126400K
  class space    used 10617K, capacity 11281K, committed 11392K, reserved 1048576K
}
Event: 53.427 GC heap before
{Heap before GC invocations=33 (full 0):
 garbage-first heap   total 262144K, used 210170K [0x0000000080000000, 0x0000000100000000)
  region size 1024K, 108 young (110592K), 5 survivors (5120K)
 Metaspace       used 85933K, capacity 87933K, committed 88112K, reserved 1126400K
  class space    used 10648K, capacity 11318K, committed 11392K, reserved 1048576K
}
Event: 53.430 GC heap after
{Heap after GC invocations=34 (full 0):
 garbage-first heap   total 262144K, used 104177K [0x0000000080000000, 0x0000000100000000)
  region size 1024K, 4 young (4096K), 4 survivors (4096K)
 Metaspace       used 85933K, capacity 87933K, committed 88112K, reserved 1126400K
  class space    used 10648K, capacity 11318K, committed 11392K, reserved 1048576K
}
Event: 61.382 GC heap before
{Heap before GC invocations=34 (full 0):
 garbage-first heap   total 262144K, used 212721K [0x0000000080000000, 0x0000000100000000)
  region size 1024K, 111 young (113664K), 4 survivors (4096K)
 Metaspace       used 88590K, capacity 90707K, committed 90800K, reserved 1128448K
  class space    used 10949K, capacity 11683K, committed 11776K, reserved 1048576K
}
Event: 61.391 GC heap after
{Heap after GC invocations=35 (full 0):
 garbage-first heap   total 262144K, used 111083K [0x0000000080000000, 0x0000000100000000)
  region size 1024K, 11 young (11264K), 11 survivors (11264K)
 Metaspace       used 88590K, capacity 90707K, committed 90800K, reserved 1128448K
  class space    used 10949K, capacity 11683K, committed 11776K, reserved 1048576K
}
Event: 66.133 GC heap before
{Heap before GC invocations=35 (full 0):
 garbage-first heap   total 262144K, used 218603K [0x0000000080000000, 0x0000000100000000)
  region size 1024K, 112 young (114688K), 11 survivors (11264K)
 Metaspace       used 91386K, capacity 93552K, committed 93616K, reserved 1130496K
  class space    used 11257K, capacity 11982K, committed 12032K, reserved 1048576K
}
Event: 66.140 GC heap after
{Heap after GC invocations=36 (full 0):
 garbage-first heap   total 262144K, used 108627K [0x0000000080000000, 0x0000000100000000)
  region size 1024K, 5 young (5120K), 5 survivors (5120K)
 Metaspace       used 91386K, capacity 93552K, committed 93616K, reserved 1130496K
  class space    used 11257K, capacity 11982K, committed 12032K, reserved 1048576K
}
Event: 67.009 GC heap before
{Heap before GC invocations=36 (full 0):
 garbage-first heap   total 262144K, used 155731K [0x0000000080000000, 0x0000000100000000)
  region size 1024K, 53 young (54272K), 5 survivors (5120K)
 Metaspace       used 94214K, capacity 96355K, committed 96508K, reserved 1134592K
  class space    used 11600K, capacity 12325K, committed 12416K, reserved 1048576K
}
Event: 67.017 GC heap after
{Heap after GC invocations=37 (full 0):
 garbage-first heap   total 262144K, used 110659K [0x0000000080000000, 0x0000000100000000)
  region size 1024K, 7 young (7168K), 7 survivors (7168K)
 Metaspace       used 94214K, capacity 96355K, committed 96508K, reserved 1134592K
  class space    used 11600K, capacity 12325K, committed 12416K, reserved 1048576K
}

