# JRE version: OpenJDK Runtime Environment (11.0.12+7) (build 11.0.12+7-b1504.28-7817840)
# Java VM: OpenJDK 64-Bit Server VM (11.0.12+7-b1504.28-7817840, mixed mode, tiered, compressed oops, g1 gc, windows-amd64)
Heap:
 garbage-first heap   total 262144K, used 146013K [0x0000000080000000, 0x0000000100000000)
  region size 1024K, 63 young (64512K), 7 survivors (7168K)
 Metaspace       used 100147K, capacity 102478K, committed 102692K, reserved 1138688K
  class space    used 12582K, capacity 13383K, committed 13440K, reserved 1048576K
GC Heap History (20 events):
Event: 61.998 GC heap before
{Heap before GC invocations=48 (full 0):
 garbage-first heap   total 262144K, used 212649K [0x0000000080000000, 0x0000000100000000)
  region size 1024K, 153 young (156672K), 2 survivors (2048K)
 Metaspace       used 65615K, capacity 67137K, committed 67328K, reserved 1107968K
  class space    used 8045K, capacity 8583K, committed 8704K, reserved 1048576K
}
Event: 62.000 GC heap after
{Heap after GC invocations=49 (full 0):
 garbage-first heap   total 262144K, used 60142K [0x0000000080000000, 0x0000000100000000)
  region size 1024K, 4 young (4096K), 4 survivors (4096K)
 Metaspace       used 65615K, capacity 67137K, committed 67328K, reserved 1107968K
  class space    used 8045K, capacity 8583K, committed 8704K, reserved 1048576K
}
Event: 62.358 GC heap before
{Heap before GC invocations=49 (full 0):
 garbage-first heap   total 262144K, used 212718K [0x0000000080000000, 0x0000000100000000)
  region size 1024K, 153 young (156672K), 4 survivors (4096K)
 Metaspace       used 65616K, capacity 67137K, committed 67328K, reserved 1107968K
  class space    used 8045K, capacity 8583K, committed 8704K, reserved 1048576K
}
Event: 62.359 GC heap after
{Heap after GC invocations=50 (full 0):
 garbage-first heap   total 262144K, used 54329K [0x0000000080000000, 0x0000000100000000)
  region size 1024K, 1 young (1024K), 1 survivors (1024K)
 Metaspace       used 65616K, capacity 67137K, committed 67328K, reserved 1107968K
  class space    used 8045K, capacity 8583K, committed 8704K, reserved 1048576K
}
Event: 62.780 GC heap before
{Heap before GC invocations=50 (full 0):
 garbage-first heap   total 262144K, used 208953K [0x0000000080000000, 0x0000000100000000)
  region size 1024K, 153 young (156672K), 1 survivors (1024K)
 Metaspace       used 65621K, capacity 67137K, committed 67328K, reserved 1107968K
  class space    used 8045K, capacity 8583K, committed 8704K, reserved 1048576K
}
Event: 62.781 GC heap after
{Heap after GC invocations=51 (full 0):
 garbage-first heap   total 262144K, used 54126K [0x0000000080000000, 0x0000000100000000)
  region size 1024K, 1 young (1024K), 1 survivors (1024K)
 Metaspace       used 65621K, capacity 67137K, committed 67328K, reserved 1107968K
  class space    used 8045K, capacity 8583K, committed 8704K, reserved 1048576K
}
Event: 63.069 GC heap before
{Heap before GC invocations=51 (full 0):
 garbage-first heap   total 262144K, used 211822K [0x0000000080000000, 0x0000000100000000)
  region size 1024K, 153 young (156672K), 1 survivors (1024K)
 Metaspace       used 65621K, capacity 67137K, committed 67328K, reserved 1107968K
  class space    used 8045K, capacity 8583K, committed 8704K, reserved 1048576K
}
Event: 63.071 GC heap after
{Heap after GC invocations=52 (full 0):
 garbage-first heap   total 262144K, used 57865K [0x0000000080000000, 0x0000000100000000)
  region size 1024K, 3 young (3072K), 3 survivors (3072K)
 Metaspace       used 65621K, capacity 67137K, committed 67328K, reserved 1107968K
  class space    used 8045K, capacity 8583K, committed 8704K, reserved 1048576K
}
Event: 63.946 GC heap before
{Heap before GC invocations=52 (full 0):
 garbage-first heap   total 262144K, used 217609K [0x0000000080000000, 0x0000000100000000)
  region size 1024K, 153 young (156672K), 3 survivors (3072K)
 Metaspace       used 66330K, capacity 67955K, committed 68224K, reserved 1107968K
  class space    used 8150K, capacity 8717K, committed 8832K, reserved 1048576K
}
Event: 63.950 GC heap after
{Heap after GC invocations=53 (full 0):
 garbage-first heap   total 262144K, used 68882K [0x0000000080000000, 0x0000000100000000)
  region size 1024K, 8 young (8192K), 8 survivors (8192K)
 Metaspace       used 66330K, capacity 67955K, committed 68224K, reserved 1107968K
  class space    used 8150K, capacity 8717K, committed 8832K, reserved 1048576K
}
Event: 65.186 GC heap before
{Heap before GC invocations=53 (full 0):
 garbage-first heap   total 262144K, used 191762K [0x0000000080000000, 0x0000000100000000)
  region size 1024K, 130 young (133120K), 8 survivors (8192K)
 Metaspace       used 78770K, capacity 80650K, committed 80768K, reserved 1120256K
  class space    used 9637K, capacity 10296K, committed 10368K, reserved 1048576K
}
Event: 65.201 GC heap after
{Heap after GC invocations=54 (full 0):
 garbage-first heap   total 262144K, used 74451K [0x0000000080000000, 0x0000000100000000)
  region size 1024K, 14 young (14336K), 14 survivors (14336K)
 Metaspace       used 78770K, capacity 80650K, committed 80768K, reserved 1120256K
  class space    used 9637K, capacity 10296K, committed 10368K, reserved 1048576K
}
Event: 66.597 GC heap before
{Heap before GC invocations=55 (full 0):
 garbage-first heap   total 262144K, used 211667K [0x0000000080000000, 0x0000000100000000)
  region size 1024K, 148 young (151552K), 14 survivors (14336K)
 Metaspace       used 89479K, capacity 91565K, committed 91812K, reserved 1128448K
  class space    used 11213K, capacity 11956K, committed 12032K, reserved 1048576K
}
Event: 66.615 GC heap after
{Heap after GC invocations=56 (full 0):
 garbage-first heap   total 262144K, used 83156K [0x0000000080000000, 0x0000000100000000)
  region size 1024K, 14 young (14336K), 14 survivors (14336K)
 Metaspace       used 89479K, capacity 91565K, committed 91812K, reserved 1128448K
  class space    used 11213K, capacity 11956K, committed 12032K, reserved 1048576K
}
Event: 68.175 GC heap before
{Heap before GC invocations=56 (full 0):
 garbage-first heap   total 262144K, used 214228K [0x0000000080000000, 0x0000000100000000)
  region size 1024K, 142 young (145408K), 14 survivors (14336K)
 Metaspace       used 97264K, capacity 99476K, committed 99620K, reserved 1136640K
  class space    used 12295K, capacity 13078K, committed 13184K, reserved 1048576K
}
Event: 68.190 GC heap after
{Heap after GC invocations=57 (full 0):
 garbage-first heap   total 262144K, used 89518K [0x0000000080000000, 0x0000000100000000)
  region size 1024K, 15 young (15360K), 15 survivors (15360K)
 Metaspace       used 97264K, capacity 99476K, committed 99620K, reserved 1136640K
  class space    used 12295K, capacity 13078K, committed 13184K, reserved 1048576K
}
Event: 68.704 GC heap before
{Heap before GC invocations=57 (full 0):
 garbage-first heap   total 262144K, used 215470K [0x0000000080000000, 0x0000000100000000)
  region size 1024K, 139 young (142336K), 15 survivors (15360K)
 Metaspace       used 97682K, capacity 99936K, committed 100132K, reserved 1136640K
  class space    used 12312K, capacity 13100K, committed 13184K, reserved 1048576K
}
Event: 68.716 GC heap after
{Heap after GC invocations=58 (full 0):
 garbage-first heap   total 262144K, used 91229K [0x0000000080000000, 0x0000000100000000)
  region size 1024K, 9 young (9216K), 9 survivors (9216K)
 Metaspace       used 97682K, capacity 99936K, committed 100132K, reserved 1136640K
  class space    used 12312K, capacity 13100K, committed 13184K, reserved 1048576K
}
Event: 72.608 GC heap before
{Heap before GC invocations=58 (full 0):
 garbage-first heap   total 262144K, used 217181K [0x0000000080000000, 0x0000000100000000)
  region size 1024K, 132 young (135168K), 9 survivors (9216K)
 Metaspace       used 97956K, capacity 100290K, committed 100388K, reserved 1136640K
  class space    used 12341K, capacity 13145K, committed 13184K, reserved 1048576K
}
Event: 72.615 GC heap after
{Heap after GC invocations=59 (full 0):
 garbage-first heap   total 262144K, used 89693K [0x0000000080000000, 0x0000000100000000)
  region size 1024K, 7 young (7168K), 7 survivors (7168K)
 Metaspace       used 97956K, capacity 100290K, committed 100388K, reserved 1136640K
  class space    used 12341K, capacity 13145K, committed 13184K, reserved 1048576K
}

